C:\USERS\FRANKLIN\DOCUMENTS\WORKSPACE\TANG_CPP\TANG_CPP.PCH
C:\USERS\FRANKLIN\DOCUMENTS\WORKSPACE\TANG_CPP\STDAFX.OBJ
C:\USERS\FRANKLIN\DOCUMENTS\WORKSPACE\TANG_CPP\VC110.PDB
C:\USERS\FRANKLIN\DOCUMENTS\WORKSPACE\TANG_CPP\TANG_CPP.OBJ
C:\USERS\FRANKLIN\DOCUMENTS\WORKSPACE\TANG_CPP\IRC.OBJ
C:\USERS\FRANKLIN\DOCUMENTS\WORKSPACE\TANG_CPP\TANG_CPP.EXE
C:\USERS\FRANKLIN\DOCUMENTS\WORKSPACE\TANG_CPP\TANG_CPP.PDB
C:\Users\franklin\Documents\workspace\tang_cpp\IRC.obj
C:\Users\franklin\Documents\workspace\tang_cpp\stdafx.obj
C:\Users\franklin\Documents\workspace\tang_cpp\tang_cpp.obj
C:\Users\franklin\Documents\workspace\tang_cpp\cl.command.1.tlog
C:\Users\franklin\Documents\workspace\tang_cpp\CL.read.1.tlog
C:\Users\franklin\Documents\workspace\tang_cpp\CL.write.1.tlog
C:\Users\franklin\Documents\workspace\tang_cpp\link-cvtres.read.1.tlog
C:\Users\franklin\Documents\workspace\tang_cpp\link-cvtres.write.1.tlog
C:\Users\franklin\Documents\workspace\tang_cpp\link-rc.read.1.tlog
C:\Users\franklin\Documents\workspace\tang_cpp\link-rc.write.1.tlog
C:\Users\franklin\Documents\workspace\tang_cpp\link.command.1.tlog
C:\Users\franklin\Documents\workspace\tang_cpp\link.read.1.tlog
C:\Users\franklin\Documents\workspace\tang_cpp\link.write.1.tlog
C:\Users\franklin\Documents\workspace\tang_cpp\tang_cpp.pch
C:\Users\franklin\Documents\workspace\tang_cpp\tang_cpp.pdb
C:\Users\franklin\Documents\workspace\tang_cpp\vc110.pdb
C:\Users\franklin\Documents\workspace\tang_cpp\tang_cpp.exe
