Build started 09/23/12 7:40:05 PM.
     1>Project "C:\Users\franklin\Documents\workspace\tang_cpp\tang_cpp\tang_cpp.vcxproj" on node 2 (Rebuild target(s)).
     1>C:\Program Files (x86)\MSBuild\Microsoft.Cpp\v4.0\V110\Microsoft.CppBuild.targets(345,5): warning MSB8004: Intermediate Directory does not end with a trailing slash.  This build instance will add the slash as it is required to allow proper evaluation of the Intermediate Directory.
     1>C:\Program Files (x86)\MSBuild\Microsoft.Cpp\v4.0\V110\Microsoft.CppBuild.targets(346,5): warning MSB8004: Output Directory does not end with a trailing slash.  This build instance will add the slash as it is required to allow proper evaluation of the Output Directory.
     1>ClCompile:
         C:\Program Files (x86)\Microsoft Visual Studio 11.0\VC\bin\CL.exe /c /Zi /nologo /W3 /WX- /O2 /Oi /Oy- /GL /D WIN32 /D NDEBUG /D _CONSOLE /D _UNICODE /D UNICODE /Gm- /EHsc /MD /GS /Gy /fp:precise /Zc:wchar_t /Zc:forScope /Yc"stdafx.h" /Fp"C:\Users\franklin\Documents\workspace\tang_cpp\tang_cpp.pch" /Fo"C:\Users\franklin\Documents\workspace\tang_cpp\\" /Fd"C:\Users\franklin\Documents\workspace\tang_cpp\vc110.pdb" /Gd /TP /analyze- /errorReport:prompt stdafx.cpp
         stdafx.cpp
         C:\Program Files (x86)\Microsoft Visual Studio 11.0\VC\bin\CL.exe /c /Zi /nologo /W3 /WX- /O2 /Oi /Oy- /GL /D WIN32 /D NDEBUG /D _CONSOLE /D _UNICODE /D UNICODE /Gm- /EHsc /MD /GS /Gy /fp:precise /Zc:wchar_t /Zc:forScope /Yu"stdafx.h" /Fp"C:\Users\franklin\Documents\workspace\tang_cpp\tang_cpp.pch" /Fo"C:\Users\franklin\Documents\workspace\tang_cpp\\" /Fd"C:\Users\franklin\Documents\workspace\tang_cpp\vc110.pdb" /Gd /TP /analyze- /errorReport:prompt IRC.cpp tang_cpp.cpp
         IRC.cpp
     1>IRC.cpp(70): warning C4996: 'strcpy': This function or variable may be unsafe. Consider using strcpy_s instead. To disable deprecation, use _CRT_SECURE_NO_WARNINGS. See online help for details.
                 C:\Program Files (x86)\Microsoft Visual Studio 11.0\VC\include\string.h(110) : see declaration of 'strcpy'
     1>IRC.cpp(145): warning C4996: 'fdopen': The POSIX name for this item is deprecated. Instead, use the ISO C++ conformant name: _fdopen. See online help for details.
                 C:\Program Files (x86)\Microsoft Visual Studio 11.0\VC\include\stdio.h(709) : see declaration of 'fdopen'
     1>IRC.cpp(158): warning C4996: 'strcpy': This function or variable may be unsafe. Consider using strcpy_s instead. To disable deprecation, use _CRT_SECURE_NO_WARNINGS. See online help for details.
                 C:\Program Files (x86)\Microsoft Visual Studio 11.0\VC\include\string.h(110) : see declaration of 'strcpy'
     1>IRC.cpp(331): warning C4996: 'strcpy': This function or variable may be unsafe. Consider using strcpy_s instead. To disable deprecation, use _CRT_SECURE_NO_WARNINGS. See online help for details.
                 C:\Program Files (x86)\Microsoft Visual Studio 11.0\VC\include\string.h(110) : see declaration of 'strcpy'
     1>IRC.cpp(333): warning C4996: 'strcpy': This function or variable may be unsafe. Consider using strcpy_s instead. To disable deprecation, use _CRT_SECURE_NO_WARNINGS. See online help for details.
                 C:\Program Files (x86)\Microsoft Visual Studio 11.0\VC\include\string.h(110) : see declaration of 'strcpy'
     1>IRC.cpp(620): warning C4996: 'strcpy': This function or variable may be unsafe. Consider using strcpy_s instead. To disable deprecation, use _CRT_SECURE_NO_WARNINGS. See online help for details.
                 C:\Program Files (x86)\Microsoft Visual Studio 11.0\VC\include\string.h(110) : see declaration of 'strcpy'
     1>IRC.cpp(622): warning C4996: 'strcpy': This function or variable may be unsafe. Consider using strcpy_s instead. To disable deprecation, use _CRT_SECURE_NO_WARNINGS. See online help for details.
                 C:\Program Files (x86)\Microsoft Visual Studio 11.0\VC\include\string.h(110) : see declaration of 'strcpy'
     1>IRC.cpp(648): warning C4996: 'strcpy': This function or variable may be unsafe. Consider using strcpy_s instead. To disable deprecation, use _CRT_SECURE_NO_WARNINGS. See online help for details.
                 C:\Program Files (x86)\Microsoft Visual Studio 11.0\VC\include\string.h(110) : see declaration of 'strcpy'
     1>IRC.cpp(650): warning C4996: 'strcpy': This function or variable may be unsafe. Consider using strcpy_s instead. To disable deprecation, use _CRT_SECURE_NO_WARNINGS. See online help for details.
                 C:\Program Files (x86)\Microsoft Visual Studio 11.0\VC\include\string.h(110) : see declaration of 'strcpy'
     1>IRC.cpp(682): warning C4996: 'strcpy': This function or variable may be unsafe. Consider using strcpy_s instead. To disable deprecation, use _CRT_SECURE_NO_WARNINGS. See online help for details.
                 C:\Program Files (x86)\Microsoft Visual Studio 11.0\VC\include\string.h(110) : see declaration of 'strcpy'
     1>IRC.cpp(275): warning C4101: 'buffer' : unreferenced local variable
     1>IRC.cpp(755): warning C4101: 'target' : unreferenced local variable
     1>IRC.cpp(778): warning C4101: 'target' : unreferenced local variable
         tang_cpp.cpp
       Link:
         C:\Program Files (x86)\Microsoft Visual Studio 11.0\VC\bin\link.exe /ERRORREPORT:PROMPT /OUT:"C:\Users\franklin\Documents\workspace\tang_cpp\tang_cpp.exe" /INCREMENTAL:NO /NOLOGO Ws2_32.lib kernel32.lib user32.lib gdi32.lib winspool.lib comdlg32.lib advapi32.lib shell32.lib ole32.lib oleaut32.lib uuid.lib odbc32.lib odbccp32.lib /MANIFEST /MANIFESTUAC:"level='asInvoker' uiAccess='false'" /manifest:embed /DEBUG /PDB:"C:\Users\franklin\Documents\workspace\tang_cpp\tang_cpp.pdb" /SUBSYSTEM:CONSOLE /OPT:REF /OPT:ICF /LTCG /TLBID:1 /DYNAMICBASE /NXCOMPAT /IMPLIB:"C:\Users\franklin\Documents\workspace\tang_cpp\tang_cpp.lib" /MACHINE:X86 /SAFESEH C:\Users\franklin\Documents\workspace\tang_cpp\IRC.obj
         C:\Users\franklin\Documents\workspace\tang_cpp\stdafx.obj
         C:\Users\franklin\Documents\workspace\tang_cpp\tang_cpp.obj
         Generating code
         Finished generating code
         tang_cpp.vcxproj -> C:\Users\franklin\Documents\workspace\tang_cpp\tang_cpp.exe
     1>Done Building Project "C:\Users\franklin\Documents\workspace\tang_cpp\tang_cpp\tang_cpp.vcxproj" (Rebuild target(s)).

Build succeeded.

Time Elapsed 00:00:01.94
