C:\USERS\FRANKLIN\WORKSPACE\TANG_CPP\BUILD\TANG_CPP.PCH
C:\USERS\FRANKLIN\WORKSPACE\TANG_CPP\BUILD\STDAFX.OBJ
C:\USERS\FRANKLIN\WORKSPACE\TANG_CPP\BUILD\VC110.PDB
C:\USERS\FRANKLIN\WORKSPACE\TANG_CPP\BUILD\TANG_CPP.OBJ
C:\USERS\FRANKLIN\WORKSPACE\TANG_CPP\BUILD\IRC.OBJ
C:\USERS\FRANKLIN\WORKSPACE\TANG_CPP\TANG_CPP.EXE
C:\USERS\FRANKLIN\WORKSPACE\TANG_CPP\TANG_CPP.PDB
C:\Users\franklin\workspace\tang_cpp\build\IRC.obj
C:\Users\franklin\workspace\tang_cpp\build\stdafx.obj
C:\Users\franklin\workspace\tang_cpp\build\tang_cpp.obj
C:\Users\franklin\workspace\tang_cpp\build\cl.command.1.tlog
C:\Users\franklin\workspace\tang_cpp\build\CL.read.1.tlog
C:\Users\franklin\workspace\tang_cpp\build\CL.write.1.tlog
C:\Users\franklin\workspace\tang_cpp\build\link-cvtres.read.1.tlog
C:\Users\franklin\workspace\tang_cpp\build\link-cvtres.write.1.tlog
C:\Users\franklin\workspace\tang_cpp\build\link-rc.read.1.tlog
C:\Users\franklin\workspace\tang_cpp\build\link-rc.write.1.tlog
C:\Users\franklin\workspace\tang_cpp\build\link.command.1.tlog
C:\Users\franklin\workspace\tang_cpp\build\link.read.1.tlog
C:\Users\franklin\workspace\tang_cpp\build\link.write.1.tlog
C:\Users\franklin\workspace\tang_cpp\build\tang_cpp.pch
C:\Users\franklin\workspace\tang_cpp\build\vc110.pdb
C:\Users\franklin\Documents\workspace\tang_cpp\tang_cpp\..\..\..\..\workspace\tang_cpp\tang_cpp.exe
